mode: set
github.com/vitalii-komenda/got/main.go:13.13,15.16 2 0
github.com/vitalii-komenda/got/main.go:15.16,16.13 1 0
github.com/vitalii-komenda/got/main.go:19.2,31.16 8 0
github.com/vitalii-komenda/got/router.go:18.61,21.38 2 0
github.com/vitalii-komenda/got/router.go:21.38,23.3 1 0
github.com/vitalii-komenda/got/router.go:24.2,34.10 8 0
github.com/vitalii-komenda/got/cmd/import/main.go:20.13,24.16 4 0
github.com/vitalii-komenda/got/cmd/import/main.go:24.16,25.13 1 0
github.com/vitalii-komenda/got/cmd/import/main.go:28.2,29.16 2 0
github.com/vitalii-komenda/got/cmd/import/main.go:29.16,30.13 1 0
github.com/vitalii-komenda/got/cmd/import/main.go:32.2,40.16 6 0
github.com/vitalii-komenda/got/cmd/import/main.go:40.16,42.13 2 0
github.com/vitalii-komenda/got/cmd/import/main.go:44.2,46.66 3 0
github.com/vitalii-komenda/got/cmd/import/main.go:46.66,48.13 2 0
github.com/vitalii-komenda/got/cmd/import/main.go:51.2,54.49 2 0
github.com/vitalii-komenda/got/cmd/import/main.go:54.49,58.17 3 0
github.com/vitalii-komenda/got/cmd/import/main.go:58.17,60.14 2 0
github.com/vitalii-komenda/got/cmd/import/main.go:65.2,65.49 1 0
github.com/vitalii-komenda/got/cmd/import/main.go:65.49,69.17 3 0
github.com/vitalii-komenda/got/cmd/import/main.go:69.17,71.14 2 0
github.com/vitalii-komenda/got/cmd/import/main.go:83.2,84.16 2 0
github.com/vitalii-komenda/got/cmd/import/main.go:84.16,86.3 1 0
github.com/vitalii-komenda/got/cmd/import/main.go:88.2,88.39 1 0
github.com/vitalii-komenda/got/docs/docs.go:379.13,381.2 1 0
github.com/vitalii-komenda/got/entities/character.go:29.58,31.58 2 0
github.com/vitalii-komenda/got/entities/character.go:31.58,34.3 2 0
github.com/vitalii-komenda/got/entities/character.go:36.2,37.61 2 0
github.com/vitalii-komenda/got/entities/character.go:37.61,40.3 2 0
github.com/vitalii-komenda/got/entities/character.go:42.2,42.75 1 0
github.com/vitalii-komenda/got/utils/utils.go:8.41,10.13 2 0
github.com/vitalii-komenda/got/utils/utils.go:10.13,11.63 1 0
github.com/vitalii-komenda/got/utils/utils.go:13.2,13.10 1 0
github.com/vitalii-komenda/got/services/elastic.go:13.86,25.16 3 0
github.com/vitalii-komenda/got/services/elastic.go:25.16,27.3 1 0
github.com/vitalii-komenda/got/services/elastic.go:29.2,30.16 2 0
github.com/vitalii-komenda/got/services/elastic.go:30.16,32.3 1 0
github.com/vitalii-komenda/got/services/elastic.go:33.2,37.16 4 0
github.com/vitalii-komenda/got/services/elastic.go:37.16,39.3 1 0
github.com/vitalii-komenda/got/services/elastic.go:40.2,42.38 2 0
github.com/vitalii-komenda/got/services/elastic.go:42.38,44.3 1 0
github.com/vitalii-komenda/got/services/elastic.go:46.2,47.16 2 0
github.com/vitalii-komenda/got/services/elastic.go:47.16,49.3 1 0
github.com/vitalii-komenda/got/services/elastic.go:51.2,52.54 2 0
github.com/vitalii-komenda/got/services/elastic.go:52.54,54.3 1 0
github.com/vitalii-komenda/got/services/elastic.go:56.2,58.27 3 0
github.com/vitalii-komenda/got/services/elastic.go:58.27,61.17 3 0
github.com/vitalii-komenda/got/services/elastic.go:61.17,63.4 1 0
github.com/vitalii-komenda/got/services/elastic.go:65.3,67.17 3 0
github.com/vitalii-komenda/got/services/elastic.go:67.17,69.4 1 0
github.com/vitalii-komenda/got/services/elastic.go:70.3,70.40 1 0
github.com/vitalii-komenda/got/services/elastic.go:73.2,73.19 1 0
github.com/vitalii-komenda/got/controllers/characters.go:20.25,25.2 1 1
github.com/vitalii-komenda/got/controllers/characters.go:37.55,39.19 2 1
github.com/vitalii-komenda/got/controllers/characters.go:39.19,41.3 1 1
github.com/vitalii-komenda/got/controllers/characters.go:42.2,43.16 2 1
github.com/vitalii-komenda/got/controllers/characters.go:43.16,47.3 3 1
github.com/vitalii-komenda/got/controllers/characters.go:49.2,50.16 2 1
github.com/vitalii-komenda/got/controllers/characters.go:50.16,52.3 1 1
github.com/vitalii-komenda/got/controllers/characters.go:52.8,54.3 1 1
github.com/vitalii-komenda/got/controllers/characters.go:68.52,71.16 3 1
github.com/vitalii-komenda/got/controllers/characters.go:71.16,73.3 1 1
github.com/vitalii-komenda/got/controllers/characters.go:73.8,73.28 1 1
github.com/vitalii-komenda/got/controllers/characters.go:73.28,75.3 1 1
github.com/vitalii-komenda/got/controllers/characters.go:75.8,77.3 1 1
github.com/vitalii-komenda/got/controllers/characters.go:90.53,92.53 2 1
github.com/vitalii-komenda/got/controllers/characters.go:92.53,95.3 2 1
github.com/vitalii-komenda/got/controllers/characters.go:96.2,97.16 2 1
github.com/vitalii-komenda/got/controllers/characters.go:97.16,99.3 1 1
github.com/vitalii-komenda/got/controllers/characters.go:101.2,101.16 1 1
github.com/vitalii-komenda/got/controllers/characters.go:101.16,103.3 1 0
github.com/vitalii-komenda/got/controllers/characters.go:103.8,105.3 1 1
github.com/vitalii-komenda/got/controllers/characters.go:118.55,122.16 3 1
github.com/vitalii-komenda/got/controllers/characters.go:122.16,124.3 1 1
github.com/vitalii-komenda/got/controllers/characters.go:124.8,126.3 1 1
github.com/vitalii-komenda/got/controllers/characters.go:129.52,131.53 2 1
github.com/vitalii-komenda/got/controllers/characters.go:131.53,134.3 2 1
github.com/vitalii-komenda/got/controllers/characters.go:135.2,137.16 3 1
github.com/vitalii-komenda/got/controllers/characters.go:137.16,139.3 1 1
github.com/vitalii-komenda/got/controllers/characters.go:140.2,140.16 1 1
github.com/vitalii-komenda/got/controllers/characters.go:140.16,142.3 1 0
github.com/vitalii-komenda/got/controllers/characters.go:142.8,144.3 1 1
github.com/vitalii-komenda/got/controllers/responses.go:10.65,13.2 2 1
github.com/vitalii-komenda/got/controllers/responses.go:15.69,17.2 1 1
github.com/vitalii-komenda/got/controllers/responses.go:19.42,21.2 1 1
github.com/vitalii-komenda/got/controllers/search.go:17.21,21.2 1 0
github.com/vitalii-komenda/got/controllers/search.go:34.59,38.16 3 0
github.com/vitalii-komenda/got/controllers/search.go:38.16,40.3 1 0
github.com/vitalii-komenda/got/controllers/search.go:40.8,40.28 1 0
github.com/vitalii-komenda/got/controllers/search.go:40.28,42.3 1 0
github.com/vitalii-komenda/got/controllers/search.go:42.8,44.3 1 0
github.com/vitalii-komenda/got/entities/character.go:29.58,31.58 2 0
github.com/vitalii-komenda/got/entities/character.go:31.58,34.3 2 0
github.com/vitalii-komenda/got/entities/character.go:36.2,37.61 2 0
github.com/vitalii-komenda/got/entities/character.go:37.61,40.3 2 0
github.com/vitalii-komenda/got/entities/character.go:42.2,42.75 1 0
github.com/vitalii-komenda/got/services/elastic.go:13.86,25.16 3 0
github.com/vitalii-komenda/got/services/elastic.go:25.16,27.3 1 0
github.com/vitalii-komenda/got/services/elastic.go:29.2,30.16 2 0
github.com/vitalii-komenda/got/services/elastic.go:30.16,32.3 1 0
github.com/vitalii-komenda/got/services/elastic.go:33.2,37.16 4 0
github.com/vitalii-komenda/got/services/elastic.go:37.16,39.3 1 0
github.com/vitalii-komenda/got/services/elastic.go:40.2,42.38 2 0
github.com/vitalii-komenda/got/services/elastic.go:42.38,44.3 1 0
github.com/vitalii-komenda/got/services/elastic.go:46.2,47.16 2 0
github.com/vitalii-komenda/got/services/elastic.go:47.16,49.3 1 0
github.com/vitalii-komenda/got/services/elastic.go:51.2,52.54 2 0
github.com/vitalii-komenda/got/services/elastic.go:52.54,54.3 1 0
github.com/vitalii-komenda/got/services/elastic.go:56.2,58.27 3 0
github.com/vitalii-komenda/got/services/elastic.go:58.27,61.17 3 0
github.com/vitalii-komenda/got/services/elastic.go:61.17,63.4 1 0
github.com/vitalii-komenda/got/services/elastic.go:65.3,67.17 3 0
github.com/vitalii-komenda/got/services/elastic.go:67.17,69.4 1 0
github.com/vitalii-komenda/got/services/elastic.go:70.3,70.40 1 0
github.com/vitalii-komenda/got/services/elastic.go:73.2,73.19 1 0
github.com/vitalii-komenda/got/utils/utils.go:8.41,10.13 2 0
github.com/vitalii-komenda/got/utils/utils.go:10.13,11.63 1 0
github.com/vitalii-komenda/got/utils/utils.go:13.2,13.10 1 0
github.com/vitalii-komenda/got/entities/character.go:29.58,31.58 2 0
github.com/vitalii-komenda/got/entities/character.go:31.58,34.3 2 0
github.com/vitalii-komenda/got/entities/character.go:36.2,37.61 2 0
github.com/vitalii-komenda/got/entities/character.go:37.61,40.3 2 0
github.com/vitalii-komenda/got/entities/character.go:42.2,42.75 1 0
github.com/vitalii-komenda/got/postgres/actors.go:16.66,20.2 1 1
github.com/vitalii-komenda/got/postgres/actors.go:27.65,32.2 1 1
github.com/vitalii-komenda/got/postgres/actors.go:34.54,35.17 1 1
github.com/vitalii-komenda/got/postgres/actors.go:35.17,37.3 1 1
github.com/vitalii-komenda/got/postgres/actors.go:38.2,38.17 1 0
github.com/vitalii-komenda/got/postgres/actors.go:41.105,48.16 2 1
github.com/vitalii-komenda/got/postgres/actors.go:48.16,50.3 1 0
github.com/vitalii-komenda/got/postgres/actors.go:51.2,53.16 3 1
github.com/vitalii-komenda/got/postgres/actors.go:53.16,55.3 1 0
github.com/vitalii-komenda/got/postgres/actors.go:56.2,56.16 1 1
github.com/vitalii-komenda/got/postgres/actors.go:59.91,65.16 2 1
github.com/vitalii-komenda/got/postgres/actors.go:65.16,67.3 1 0
github.com/vitalii-komenda/got/postgres/actors.go:68.2,71.16 4 1
github.com/vitalii-komenda/got/postgres/actors.go:71.16,73.3 1 1
github.com/vitalii-komenda/got/postgres/actors.go:74.2,74.21 1 1
github.com/vitalii-komenda/got/postgres/actors.go:77.106,83.16 2 1
github.com/vitalii-komenda/got/postgres/actors.go:83.16,85.3 1 0
github.com/vitalii-komenda/got/postgres/actors.go:86.2,87.16 2 1
github.com/vitalii-komenda/got/postgres/actors.go:87.16,89.3 1 0
github.com/vitalii-komenda/got/postgres/actors.go:90.2,90.12 1 1
github.com/vitalii-komenda/got/postgres/actors.go:93.97,98.16 2 1
github.com/vitalii-komenda/got/postgres/actors.go:98.16,100.3 1 0
github.com/vitalii-komenda/got/postgres/actors.go:101.2,102.16 2 1
github.com/vitalii-komenda/got/postgres/actors.go:102.16,104.3 1 0
github.com/vitalii-komenda/got/postgres/actors.go:105.2,105.12 1 1
github.com/vitalii-komenda/got/postgres/characters.go:20.103,25.2 1 1
github.com/vitalii-komenda/got/postgres/characters.go:33.73,39.2 1 1
github.com/vitalii-komenda/got/postgres/characters.go:41.58,42.17 1 1
github.com/vitalii-komenda/got/postgres/characters.go:42.17,44.3 1 1
github.com/vitalii-komenda/got/postgres/characters.go:45.2,45.17 1 0
github.com/vitalii-komenda/got/postgres/characters.go:49.129,53.41 4 1
github.com/vitalii-komenda/got/postgres/characters.go:53.41,55.17 2 1
github.com/vitalii-komenda/got/postgres/characters.go:55.17,57.18 2 1
github.com/vitalii-komenda/got/postgres/characters.go:57.18,59.5 1 0
github.com/vitalii-komenda/got/postgres/characters.go:63.2,64.42 2 1
github.com/vitalii-komenda/got/postgres/characters.go:64.42,67.17 3 1
github.com/vitalii-komenda/got/postgres/characters.go:67.17,69.4 1 0
github.com/vitalii-komenda/got/postgres/characters.go:70.8,72.3 1 0
github.com/vitalii-komenda/got/postgres/characters.go:74.2,74.41 1 1
github.com/vitalii-komenda/got/postgres/characters.go:74.41,76.3 1 1
github.com/vitalii-komenda/got/postgres/characters.go:77.2,77.12 1 0
github.com/vitalii-komenda/got/postgres/characters.go:80.158,82.16 2 1
github.com/vitalii-komenda/got/postgres/characters.go:82.16,84.3 1 0
github.com/vitalii-komenda/got/postgres/characters.go:85.2,85.28 1 1
github.com/vitalii-komenda/got/postgres/characters.go:85.28,87.3 1 0
github.com/vitalii-komenda/got/postgres/characters.go:89.2,101.16 3 1
github.com/vitalii-komenda/got/postgres/characters.go:101.16,103.3 1 0
github.com/vitalii-komenda/got/postgres/characters.go:104.2,106.16 3 1
github.com/vitalii-komenda/got/postgres/characters.go:106.16,108.3 1 0
github.com/vitalii-komenda/got/postgres/characters.go:111.2,112.16 2 1
github.com/vitalii-komenda/got/postgres/characters.go:112.16,114.3 1 0
github.com/vitalii-komenda/got/postgres/characters.go:116.2,117.41 2 1
github.com/vitalii-komenda/got/postgres/characters.go:117.41,119.17 2 1
github.com/vitalii-komenda/got/postgres/characters.go:119.17,121.18 2 1
github.com/vitalii-komenda/got/postgres/characters.go:121.18,123.5 1 0
github.com/vitalii-komenda/got/postgres/characters.go:126.3,127.17 2 1
github.com/vitalii-komenda/got/postgres/characters.go:127.17,129.4 1 0
github.com/vitalii-komenda/got/postgres/characters.go:132.2,132.16 1 1
github.com/vitalii-komenda/got/postgres/characters.go:135.147,158.16 2 1
github.com/vitalii-komenda/got/postgres/characters.go:158.16,160.3 1 0
github.com/vitalii-komenda/got/postgres/characters.go:162.2,164.16 3 1
github.com/vitalii-komenda/got/postgres/characters.go:164.16,166.3 1 0
github.com/vitalii-komenda/got/postgres/characters.go:167.2,167.16 1 1
github.com/vitalii-komenda/got/postgres/characters.go:170.103,172.16 2 1
github.com/vitalii-komenda/got/postgres/characters.go:172.16,174.3 1 0
github.com/vitalii-komenda/got/postgres/characters.go:176.2,181.16 2 1
github.com/vitalii-komenda/got/postgres/characters.go:181.16,183.3 1 0
github.com/vitalii-komenda/got/postgres/characters.go:184.2,187.16 4 1
github.com/vitalii-komenda/got/postgres/characters.go:187.16,189.3 1 1
github.com/vitalii-komenda/got/postgres/characters.go:190.2,190.25 1 1
github.com/vitalii-komenda/got/postgres/characters.go:193.79,198.16 2 1
github.com/vitalii-komenda/got/postgres/characters.go:198.16,200.3 1 0
github.com/vitalii-komenda/got/postgres/characters.go:201.2,202.16 2 1
github.com/vitalii-komenda/got/postgres/characters.go:202.16,204.3 1 0
github.com/vitalii-komenda/got/postgres/characters.go:206.2,206.12 1 1
github.com/vitalii-komenda/got/postgres/characters.go:209.105,211.16 2 0
github.com/vitalii-komenda/got/postgres/characters.go:211.16,213.3 1 0
github.com/vitalii-komenda/got/postgres/characters.go:214.2,242.16 3 0
github.com/vitalii-komenda/got/postgres/characters.go:242.16,244.3 1 0
github.com/vitalii-komenda/got/postgres/characters.go:245.2,246.16 2 0
github.com/vitalii-komenda/got/postgres/characters.go:246.16,248.3 1 0
github.com/vitalii-komenda/got/postgres/characters.go:249.2,251.18 3 0
github.com/vitalii-komenda/got/postgres/characters.go:251.18,270.17 3 0
github.com/vitalii-komenda/got/postgres/characters.go:270.17,272.4 1 0
github.com/vitalii-komenda/got/postgres/characters.go:274.3,274.41 1 0
github.com/vitalii-komenda/got/postgres/characters.go:274.41,276.44 2 0
github.com/vitalii-komenda/got/postgres/characters.go:276.44,278.5 1 0
github.com/vitalii-komenda/got/postgres/characters.go:279.9,281.4 1 0
github.com/vitalii-komenda/got/postgres/characters.go:283.3,283.37 1 0
github.com/vitalii-komenda/got/postgres/characters.go:286.2,286.24 1 0
github.com/vitalii-komenda/got/postgres/characters.go:289.105,319.16 3 0
github.com/vitalii-komenda/got/postgres/characters.go:319.16,321.3 1 0
github.com/vitalii-komenda/got/postgres/characters.go:323.2,324.16 2 0
github.com/vitalii-komenda/got/postgres/characters.go:324.16,326.3 1 0
github.com/vitalii-komenda/got/postgres/characters.go:327.2,329.18 3 0
github.com/vitalii-komenda/got/postgres/characters.go:329.18,348.17 3 0
github.com/vitalii-komenda/got/postgres/characters.go:348.17,350.4 1 0
github.com/vitalii-komenda/got/postgres/characters.go:352.3,352.41 1 0
github.com/vitalii-komenda/got/postgres/characters.go:352.41,354.44 2 0
github.com/vitalii-komenda/got/postgres/characters.go:354.44,356.5 1 0
github.com/vitalii-komenda/got/postgres/characters.go:357.9,359.4 1 0
github.com/vitalii-komenda/got/postgres/characters.go:361.3,361.37 1 0
github.com/vitalii-komenda/got/postgres/characters.go:364.2,364.24 1 0
github.com/vitalii-komenda/got/postgres/dbPool.go:12.41,18.16 6 1
github.com/vitalii-komenda/got/postgres/dbPool.go:18.16,20.3 1 0
github.com/vitalii-komenda/got/postgres/dbPool.go:22.2,26.16 3 1
github.com/vitalii-komenda/got/postgres/dbPool.go:26.16,28.3 1 0
github.com/vitalii-komenda/got/postgres/dbPool.go:30.2,30.20 1 1
github.com/vitalii-komenda/got/postgres/relationships.go:16.118,21.2 1 0
github.com/vitalii-komenda/got/postgres/relationships.go:29.79,35.2 1 0
github.com/vitalii-komenda/got/postgres/relationships.go:37.61,38.17 1 0
github.com/vitalii-komenda/got/postgres/relationships.go:38.17,40.3 1 0
github.com/vitalii-komenda/got/postgres/relationships.go:41.2,41.17 1 0
github.com/vitalii-komenda/got/postgres/relationships.go:44.149,50.16 2 0
github.com/vitalii-komenda/got/postgres/relationships.go:50.16,52.3 1 0
github.com/vitalii-komenda/got/postgres/relationships.go:53.2,54.16 2 0
github.com/vitalii-komenda/got/postgres/relationships.go:54.16,56.3 1 0
github.com/vitalii-komenda/got/postgres/relationships.go:57.2,57.12 1 0
github.com/vitalii-komenda/got/postgres/relationships.go:60.112,62.2 1 0
github.com/vitalii-komenda/got/postgres/relationships.go:64.114,66.2 1 0
github.com/vitalii-komenda/got/postgres/relationships.go:68.112,70.2 1 0
github.com/vitalii-komenda/got/postgres/relationships.go:72.128,74.2 1 0
github.com/vitalii-komenda/got/postgres/relationships.go:76.104,78.36 2 0
github.com/vitalii-komenda/got/postgres/relationships.go:78.36,80.3 1 0
github.com/vitalii-komenda/got/postgres/relationships.go:83.2,83.45 1 0
github.com/vitalii-komenda/got/postgres/relationships.go:83.45,85.39 2 0
github.com/vitalii-komenda/got/postgres/relationships.go:85.39,87.12 2 0
github.com/vitalii-komenda/got/postgres/relationships.go:90.3,91.17 2 0
github.com/vitalii-komenda/got/postgres/relationships.go:91.17,93.4 1 0
github.com/vitalii-komenda/got/postgres/relationships.go:97.2,97.43 1 0
github.com/vitalii-komenda/got/postgres/relationships.go:97.43,99.17 2 0
github.com/vitalii-komenda/got/postgres/relationships.go:99.17,101.4 1 0
github.com/vitalii-komenda/got/postgres/relationships.go:102.3,102.24 1 0
github.com/vitalii-komenda/got/postgres/relationships.go:102.24,104.12 2 0
github.com/vitalii-komenda/got/postgres/relationships.go:107.3,108.17 2 0
github.com/vitalii-komenda/got/postgres/relationships.go:108.17,110.4 1 0
github.com/vitalii-komenda/got/postgres/relationships.go:114.2,114.42 1 0
github.com/vitalii-komenda/got/postgres/relationships.go:114.42,116.38 2 0
github.com/vitalii-komenda/got/postgres/relationships.go:116.38,118.12 2 0
github.com/vitalii-komenda/got/postgres/relationships.go:121.3,122.17 2 0
github.com/vitalii-komenda/got/postgres/relationships.go:122.17,124.4 1 0
github.com/vitalii-komenda/got/postgres/relationships.go:128.2,128.58 1 0
github.com/vitalii-komenda/got/postgres/relationships.go:128.58,130.17 2 0
github.com/vitalii-komenda/got/postgres/relationships.go:130.17,132.4 1 0
github.com/vitalii-komenda/got/postgres/relationships.go:133.3,133.32 1 0
github.com/vitalii-komenda/got/postgres/relationships.go:133.32,135.12 2 0
github.com/vitalii-komenda/got/postgres/relationships.go:138.3,139.17 2 0
github.com/vitalii-komenda/got/postgres/relationships.go:139.17,141.4 1 0
github.com/vitalii-komenda/got/postgres/relationships.go:144.2,144.12 1 0
github.com/vitalii-komenda/got/postgres/relationships.go:147.107,149.36 2 0
github.com/vitalii-komenda/got/postgres/relationships.go:149.36,151.3 1 0
github.com/vitalii-komenda/got/postgres/relationships.go:154.2,155.16 2 0
github.com/vitalii-komenda/got/postgres/relationships.go:155.16,157.3 1 0
github.com/vitalii-komenda/got/postgres/relationships.go:160.2,161.16 2 0
github.com/vitalii-komenda/got/postgres/relationships.go:161.16,163.3 1 0
github.com/vitalii-komenda/got/postgres/relationships.go:165.2,165.12 1 0
github.com/vitalii-komenda/got/postgres/relationships.go:168.89,173.16 2 0
github.com/vitalii-komenda/got/postgres/relationships.go:173.16,175.3 1 0
github.com/vitalii-komenda/got/postgres/relationships.go:176.2,177.16 2 0
github.com/vitalii-komenda/got/postgres/relationships.go:177.16,179.3 1 0
github.com/vitalii-komenda/got/postgres/relationships.go:181.2,185.16 2 0
github.com/vitalii-komenda/got/postgres/relationships.go:185.16,187.3 1 0
github.com/vitalii-komenda/got/postgres/relationships.go:188.2,189.16 2 0
github.com/vitalii-komenda/got/postgres/relationships.go:189.16,191.3 1 0
github.com/vitalii-komenda/got/postgres/relationships.go:193.2,197.16 2 0
github.com/vitalii-komenda/got/postgres/relationships.go:197.16,199.3 1 0
github.com/vitalii-komenda/got/postgres/relationships.go:200.2,201.16 2 0
github.com/vitalii-komenda/got/postgres/relationships.go:201.16,203.3 1 0
github.com/vitalii-komenda/got/postgres/relationships.go:205.2,209.16 2 0
github.com/vitalii-komenda/got/postgres/relationships.go:209.16,211.3 1 0
github.com/vitalii-komenda/got/postgres/relationships.go:212.2,213.16 2 0
github.com/vitalii-komenda/got/postgres/relationships.go:213.16,215.3 1 0
github.com/vitalii-komenda/got/postgres/relationships.go:217.2,217.12 1 0
github.com/vitalii-komenda/got/utils/utils.go:8.41,10.13 2 1
github.com/vitalii-komenda/got/utils/utils.go:10.13,11.63 1 0
github.com/vitalii-komenda/got/utils/utils.go:13.2,13.10 1 1
